<?xml version="1.0" encoding="UTF-8"?>
<!-- Generated by org.testng.reporters.JUnitXMLReporter -->
<testsuite ignored="0" hostname="LAPTOP-3QMS8IK1" failures="0" tests="4" name="Default test" time="76.252" errors="0" timestamp="2021-02-22T22:31:09 IST">
  <testcase classname="com.crm.qa.testcases.HomePageTest" name="ValidateContactsPage" time="3.502"/>
  <testcase classname="com.crm.qa.testcases.HomePageTest" name="ValidateDealsPage" time="2.967"/>
  <testcase classname="com.crm.qa.testcases.HomePageTest" name="ValidateTasksPage" time="3.295"/>
  <testcase classname="com.crm.qa.testcases.HomePageTest" name="veriyfyhomepagetitletest" time="0.014"/>
</testsuite> <!-- Default test -->
